**** Cleaning ****
  CLEAN   .
  CLEAN   arch/arm/kernel
  CLEAN   drivers/tty/vt
  CLEAN   drivers/video/logo
  CLEAN   kernel
  CLEAN   lib
  CLEAN   usr
clean mediatek kernel source tree
find ../mediatek/config/out/s8081/autoconfig -name kconfig -type f -print | xargs rm -f
  CLEAN   arch/arm/boot/compressed
  CLEAN   arch/arm/boot
  CLEAN   .tmp_versions
  CLEAN   vmlinux System.map
  CLEAN   scripts/basic
  CLEAN   scripts/kconfig
  CLEAN   scripts/mod
  CLEAN   scripts
  CLEAN   include/config include/generated arch/arm/include/generated
  CLEAN   .config .config.old .version include/linux/version.h Module.symvers
